<?xml version="1.0" encoding="UTF-8"?>
<testsuite name="com.google.cloud.bigquery.datatransfer.v1.DataTransferServiceClientTest" tests="26" skipped="0" failures="0" errors="0" timestamp="2019-12-11T23:45:39" hostname="hzyi-linuxworkstation.sea.corp.google.com" time="0.31">
  <properties/>
  <testcase name="deleteTransferConfigTest" classname="com.google.cloud.bigquery.datatransfer.v1.DataTransferServiceClientTest" time="0.177"/>
  <testcase name="listTransferLogsExceptionTest" classname="com.google.cloud.bigquery.datatransfer.v1.DataTransferServiceClientTest" time="0.025"/>
  <testcase name="getDataSourceExceptionTest" classname="com.google.cloud.bigquery.datatransfer.v1.DataTransferServiceClientTest" time="0.006"/>
  <testcase name="getTransferRunTest" classname="com.google.cloud.bigquery.datatransfer.v1.DataTransferServiceClientTest" time="0.009"/>
  <testcase name="checkValidCredsTest" classname="com.google.cloud.bigquery.datatransfer.v1.DataTransferServiceClientTest" time="0.006"/>
  <testcase name="deleteTransferRunTest" classname="com.google.cloud.bigquery.datatransfer.v1.DataTransferServiceClientTest" time="0.003"/>
  <testcase name="getTransferConfigTest" classname="com.google.cloud.bigquery.datatransfer.v1.DataTransferServiceClientTest" time="0.007"/>
  <testcase name="getDataSourceTest" classname="com.google.cloud.bigquery.datatransfer.v1.DataTransferServiceClientTest" time="0.007"/>
  <testcase name="listDataSourcesTest" classname="com.google.cloud.bigquery.datatransfer.v1.DataTransferServiceClientTest" time="0.014"/>
  <testcase name="listTransferLogsTest" classname="com.google.cloud.bigquery.datatransfer.v1.DataTransferServiceClientTest" time="0.005"/>
  <testcase name="updateTransferConfigExceptionTest" classname="com.google.cloud.bigquery.datatransfer.v1.DataTransferServiceClientTest" time="0.004"/>
  <testcase name="listTransferConfigsTest" classname="com.google.cloud.bigquery.datatransfer.v1.DataTransferServiceClientTest" time="0.008"/>
  <testcase name="getTransferRunExceptionTest" classname="com.google.cloud.bigquery.datatransfer.v1.DataTransferServiceClientTest" time="0.003"/>
  <testcase name="deleteTransferRunExceptionTest" classname="com.google.cloud.bigquery.datatransfer.v1.DataTransferServiceClientTest" time="0.002"/>
  <testcase name="listDataSourcesExceptionTest" classname="com.google.cloud.bigquery.datatransfer.v1.DataTransferServiceClientTest" time="0.002"/>
  <testcase name="updateTransferConfigTest" classname="com.google.cloud.bigquery.datatransfer.v1.DataTransferServiceClientTest" time="0.002"/>
  <testcase name="createTransferConfigExceptionTest" classname="com.google.cloud.bigquery.datatransfer.v1.DataTransferServiceClientTest" time="0.003"/>
  <testcase name="listTransferRunsExceptionTest" classname="com.google.cloud.bigquery.datatransfer.v1.DataTransferServiceClientTest" time="0.004"/>
  <testcase name="scheduleTransferRunsTest" classname="com.google.cloud.bigquery.datatransfer.v1.DataTransferServiceClientTest" time="0.005"/>
  <testcase name="getTransferConfigExceptionTest" classname="com.google.cloud.bigquery.datatransfer.v1.DataTransferServiceClientTest" time="0.002"/>
  <testcase name="checkValidCredsExceptionTest" classname="com.google.cloud.bigquery.datatransfer.v1.DataTransferServiceClientTest" time="0.001"/>
  <testcase name="deleteTransferConfigExceptionTest" classname="com.google.cloud.bigquery.datatransfer.v1.DataTransferServiceClientTest" time="0.002"/>
  <testcase name="listTransferConfigsExceptionTest" classname="com.google.cloud.bigquery.datatransfer.v1.DataTransferServiceClientTest" time="0.002"/>
  <testcase name="listTransferRunsTest" classname="com.google.cloud.bigquery.datatransfer.v1.DataTransferServiceClientTest" time="0.003"/>
  <testcase name="createTransferConfigTest" classname="com.google.cloud.bigquery.datatransfer.v1.DataTransferServiceClientTest" time="0.001"/>
  <testcase name="scheduleTransferRunsExceptionTest" classname="com.google.cloud.bigquery.datatransfer.v1.DataTransferServiceClientTest" time="0.001"/>
  <system-out><![CDATA[]]></system-out>
  <system-err><![CDATA[]]></system-err>
</testsuite>
